[43:32] Running at ['c:/workshop/superpong/pyg.py']
[51:19] Running at ['c:/workshop/superpong/pongacceleratedgame.py']
[51:19] caption set
[51:57] Running at ['c:/workshop/superpong/pongacceleratedgame.py']
[51:57] caption set
[52:09] Running at ['c:/workshop/superpong/pongacceleratedgame.py']
[52:09] caption set
[53:16] Running at ['c:/workshop/superpong/pongacceleratedgame.py']
[53:16] caption set
[53:35] Running at ['c:/workshop/superpong/pongacceleratedgame.py']
[53:35] caption set
[54:12] Running at ['c:/workshop/superpong/pongacceleratedgame.py']
[54:13] caption set
[56:04] Running at ['c:/workshop/superpong/pongacceleratedgame.py']
[56:04] caption set
[56:15] Running at ['c:/workshop/superpong/pongacceleratedgame.py']
[56:15] caption set
[56:48] Running at ['c:/workshop/superpong/pongacceleratedgame.py']
[56:48] caption set
[56:48] Running new display with context PongGameContext
[56:48] Setting up context PongGameContext
[56:58] Running at ['c:/workshop/superpong/pongacceleratedgame.py']
[56:58] caption set
[56:58] Running new display with context PongGameContext
[56:58] Setting up context PongGameContext
[57:14] Running at ['c:/workshop/superpong/pongacceleratedgame.py']
[57:14] caption set
[57:14] Running new display with context PongGameContext
[57:14] Setting up context PongGameContext
[57:32] Running at ['c:/workshop/superpong/pongacceleratedgame.py']
[57:32] caption set
[57:32] Running new display with context PongGameContext
[57:32] Setting up context PongGameContext
[58:10] Running at ['c:/workshop/superpong/pongacceleratedgame.py']
[58:10] caption set
[58:10] Running new display with context PongGameContext
[58:10] Setting up context PongGameContext
[58:46] Running at ['c:/workshop/superpong/pongacceleratedgame.py']
[58:46] caption set
[58:46] Running new display with context PongGameContext
[58:46] Setting up context PongGameContext
[00:02] Running at ['c:/workshop/superpong/pongacceleratedgame.py']
[00:02] caption set
[00:02] Running new display with context PongGameContext
[00:02] Setting up context PongGameContext
[01:23] Running at ['c:/workshop/superpong/pongacceleratedgame.py']
[01:23] caption set
[01:33] Running at ['c:/workshop/superpong/pongacceleratedgame.py']
[01:33] caption set
[01:33] Running new display with context PongGameContext
[01:33] Setting up context PongGameContext
[02:06] Running at ['c:/workshop/superpong/pongacceleratedgame.py']
[02:06] caption set
[02:06] Running new display with context PongGameContext
[02:06] Setting up context PongGameContext
[03:22] Running at ['c:/workshop/superpong/pongacceleratedgame.py']
[03:22] caption set
[03:22] Running new display with context PongGameContext
[03:22] Setting up context PongGameContext
[03:46] Running at ['c:/workshop/superpong/pongacceleratedgame.py']
[03:46] caption set
[03:46] Running new display with context PongGameContext
[03:46] Setting up context PongGameContext
[04:27] Running at ['c:/workshop/superpong/pongacceleratedgame.py']
[04:27] caption set
[04:27] Running new display with context PongGameContext
[04:27] Setting up context PongGameContext
[05:08] Running at ['c:/workshop/superpong/pongacceleratedgame.py']
[05:08] caption set
[05:08] Running new display with context PongGameContext
[05:08] Setting up context PongGameContext
[05:58] Running at ['c:/workshop/superpong/pongacceleratedgame.py']
[05:58] caption set
[05:58] Running new display with context PongGameContext
[05:58] Setting up context PongGameContext
[06:20] Running at ['c:/workshop/superpong/pongacceleratedgame.py']
[06:20] caption set
[06:20] Running new display with context PongGameContext
[06:20] Setting up context PongGameContext
[06:27] Running at ['c:/workshop/superpong/pongacceleratedgame.py']
[06:27] caption set
[06:27] Running new display with context PongGameContext
[06:27] Setting up context PongGameContext
[07:13] Running at ['c:/workshop/superpong/pongacceleratedgame.py']
[07:14] caption set
[07:14] Running new display with context PongGameContext
[07:14] Setting up context PongGameContext
[07:30] Running at ['c:/workshop/superpong/profiler.py']
[07:30] caption set
[07:30] Running new display with context PongGameContext
[07:30] Setting up context PongGameContext
[11:11] Running at ['c:/workshop/superpong/pongacceleratedgame.py']
[11:11] caption set
[11:50] Running at ['c:/workshop/superpong/pongacceleratedgame.py']
[11:50] caption set
[11:50] Running new display with context PongGameContext
[11:50] Setting up context PongGameContext
[11:59] Running at ['c:/workshop/superpong/pongacceleratedgame.py']
[11:59] caption set
[11:59] Running new display with context PongGameContext
[11:59] Setting up context PongGameContext
[12:34] Running at ['c:/workshop/superpong/profiler.py']
[12:34] caption set
[12:34] Running new display with context PongGameContext
[12:34] Setting up context PongGameContext
[13:38] Running at ['c:/workshop/superpong/profiler.py']
[13:38] caption set
[13:38] Running new display with context PongGameContext
[13:38] Setting up context PongGameContext
[18:29] Running at ['c:/workshop/superpong/pongacceleratedgame.py']
[18:29] caption set
[18:37] Running at ['c:/workshop/superpong/pongacceleratedgame.py']
[18:37] caption set
[18:37] Running new display with context PongGameContext
[18:37] Setting up context PongGameContext
[19:19] Running at ['c:/workshop/superpong/pongacceleratedgame.py']
[19:19] caption set
[19:19] Running new display with context PongGameContext
[19:19] Setting up context PongGameContext
[23:31] Running at ['c:/workshop/superpong/pongacceleratedgame.py']
[23:31] caption set
[23:31] Running new display with context PongGameContext
[23:31] Setting up context PongGameContext
[28:37] Running at ['c:/workshop/superpong/pongacceleratedgame.py']
[28:37] caption set
[28:37] Running new display with context PongGameContext
[28:37] Setting up context PongGameContext
[28:37] 13
[28:37] 12
[28:37] 11
[28:37] 12
[28:37] 12
[28:37] 11
[28:37] 12
[28:37] 12
[28:37] 10
[28:37] 10
[28:37] 8
[28:37] 9
[28:37] 8
[28:37] 8
[28:37] 9
[28:37] 8
[28:37] 9
[28:37] 8
[28:37] 9
[28:37] 8
[28:37] 8
[28:37] 9
[28:37] 8
[28:37] 10
[28:37] 9
[28:37] 13
[28:37] 8
[28:37] 9
[28:37] 9
[28:37] 9
[28:37] 8
[28:37] 9
[28:37] 8
[28:37] 8
[28:37] 8
[28:38] 9
[28:38] 8
[28:38] 8
[28:38] 8
[28:38] 9
[28:38] 8
[28:38] 9
[28:38] 8
[28:38] 8
[28:38] 9
[28:38] 8
[28:38] 9
[28:38] 11
[28:38] 8
[28:38] 8
[28:38] 9
[28:38] 9
[28:38] 8
[28:38] 8
[28:38] 9
[28:38] 8
[28:38] 8
[28:38] 9
[28:38] 8
[28:38] 10
[28:38] 9
[28:38] 8
[28:38] 8
[28:38] 9
[28:38] 8
[28:38] 8
[28:38] 9
[28:38] 8
[28:38] 8
[28:38] 8
[28:38] 9
[28:38] 8
[28:38] 9
[28:38] 8
[28:38] 8
[28:38] 8
[28:38] 9
[28:38] 8
[28:38] 9
[28:38] 8
[28:38] 8
[28:38] 9
[28:38] 9
[28:38] 8
[28:38] 8
[28:38] 9
[28:38] 8
[28:38] 9
[28:38] 8
[28:38] 9
[28:38] 8
[28:38] 9
[28:38] 8
[28:38] 8
[28:38] 9
[28:38] 8
[28:38] 9
[28:38] 8
[28:38] 9
[28:38] 8
[28:38] 9
[28:38] 8
[28:38] 8
[28:38] 9
[28:38] 8
[28:38] 9
[28:38] 9
[28:38] 8
[28:38] 9
[28:38] 8
[28:38] 9
[28:38] 8
[28:38] 9
[28:38] 9
[28:38] 8
[28:38] 9
[28:38] 9
[28:38] 9
[28:38] 8
[28:38] 9
[28:38] 9
[28:38] 8
[28:38] 9
[28:38] 8
[28:38] 9
[28:38] 8
[28:38] 9
[28:38] 9
[28:38] 8
[28:38] 9
[28:38] 8
[28:38] 9
[28:38] 8
[28:38] 8
[28:38] 9
[28:38] 8
[28:38] 8
[28:38] 9
[28:38] 8
[28:38] 9
[28:38] 8
[28:38] 8
[28:38] 8
[28:38] 9
[28:38] 8
[28:38] 9
[28:38] 8
[28:38] 9
[28:38] 9
[28:38] 8
[28:38] 9
[28:38] 8
[28:38] 8
[28:39] 9
[28:39] 8
[28:39] 9
[28:39] 9
[28:39] 8
[28:39] 9
[28:39] 8
[28:39] 9
[28:39] 8
[28:39] 9
[28:39] 8
[28:39] 9
[28:39] 8
[28:39] 9
[28:39] 9
[28:39] 9
[28:39] 8
[28:39] 9
[28:39] 8
[28:39] 9
[28:39] 8
[28:39] 8
[28:39] 9
[28:39] 8
[28:39] 8
[28:39] 9
[28:39] 8
[28:39] 9
[28:39] 8
[28:39] 8
[28:39] 8
[28:39] 9
[28:39] 8
[28:39] 8
[28:39] 9
[28:39] 9
[28:39] 9
[28:39] 8
[28:39] 9
[28:39] 9
[28:39] 9
[28:39] 9
[28:39] 8
[28:39] 9
[28:39] 9
[28:39] 9
[28:39] 9
[28:39] 8
[28:39] 8
[28:39] 9
[28:39] 8
[28:39] 8
[28:39] 9
[28:39] 8
[28:39] 9
[28:39] 8
[28:39] 8
[28:39] 8
[28:39] 9
[28:39] 8
[28:39] 8
[28:39] 9
[28:39] 8
[28:39] 8
[28:39] 9
[28:39] 8
[28:39] 10
[28:39] 11
[28:39] 9
[28:39] 8
[28:39] 10
[28:39] 8
[28:39] 8
[28:39] 9
[28:39] 8
[28:39] 9
[28:39] 8
[28:39] 8
[28:39] 9
[28:39] 8
[28:39] 8
[28:39] 9
[28:39] 8
[28:39] 9
[28:39] 8
[28:39] 8
[28:39] 9
[28:39] 8
[28:39] 8
[28:39] 9
[28:39] 8
[28:39] 9
[28:39] 8
[28:39] 8
[28:39] 9
[28:39] 8
[28:39] 8
[28:39] 9
[28:39] 8
[28:39] 9
[28:39] 8
[28:39] 8
[28:39] 8
[28:39] 9
[28:39] 8
[28:39] 8
[28:39] 9
[28:39] 8
[28:39] 9
[28:39] 9
[28:39] 8
[28:39] 9
[28:39] 8
[28:39] 8
[28:39] 9
[28:39] 8
[28:39] 8
[28:40] 9
[28:40] 8
[28:40] 8
[28:40] 9
[28:40] 8
[28:40] 8
[28:40] 9
[28:40] 8
[28:40] 9
[28:40] 8
[28:40] 8
[28:40] 9
[28:40] 8
[28:40] 8
[28:40] 9
[28:40] 8
[28:40] 8
[28:40] 9
[28:40] 8
[28:40] 9
[28:40] 8
[28:40] 9
[28:40] 8
[28:40] 9
[28:40] 8
[28:40] 8
[28:40] 9
[28:40] 8
[28:40] 8
[28:40] 9
[28:40] 8
[28:40] 9
[28:40] 8
[28:40] 9
[28:40] 8
[28:40] 9
[28:40] 9
[28:40] 8
[28:40] 10
[28:40] 9
[28:40] 8
[28:40] 9
[28:40] 8
[28:40] 8
[28:40] 8
[28:40] 9
[28:40] 8
[28:40] 8
[28:40] 9
[28:40] 8
[28:40] 9
[28:40] 8
[28:40] 9
[28:40] 8
[28:40] 9
[28:40] 8
[28:40] 8
[28:40] 8
[28:40] 9
[28:40] 8
[28:40] 8
[28:40] 9
[28:40] 8
[28:40] 8
[28:40] 8
[28:40] 9
[28:40] 8
[28:40] 8
[28:40] 9
[28:40] 8
[28:40] 11
[28:40] 8
[28:40] 8
[28:40] 9
[28:40] 8
[28:40] 9
[28:40] 8
[28:40] 8
[28:40] 9
[28:40] 9
[28:40] 8
[28:40] 8
[28:40] 8
[28:40] 13
[28:40] 8
[28:40] 12
[28:40] 8
[28:40] 9
[28:40] 8
[28:40] 9
[28:40] 8
[28:40] 8
[28:40] 9
[28:40] 8
[28:40] 8
[28:40] 9
[28:40] 8
[28:40] 8
[28:40] 8
[28:40] 9
[28:40] 8
[28:40] 8
[28:40] 9
[28:40] 8
[28:40] 8
[28:40] 8
[28:40] 8
[28:40] 9
[28:40] 8
[28:40] 10
[28:40] 8
[28:40] 8
[28:40] 9
[28:40] 9
[28:40] 9
[28:40] 9
[28:40] 8
[28:40] 8
[28:41] 9
[28:41] 8
[28:41] 8
[28:41] 10
[28:41] 8
[28:41] 9
[28:41] 8
[28:41] 9
[28:41] 8
[28:41] 8
[28:41] 8
[28:41] 9
[28:41] 8
[28:41] 8
[28:41] 11
[28:41] 8
[28:41] 9
[28:41] 8
[28:41] 8
[28:41] 9
[28:41] 8
[28:41] 8
[28:41] 9
[28:41] 8
[28:41] 9
[28:41] 8
[28:41] 8
[28:41] 9
[28:41] 8
[28:41] 8
[28:41] 9
[28:41] 8
[28:41] 8
[28:41] 9
[28:41] 8
[28:41] 9
[28:41] 8
[28:41] 9
[28:41] 8
[28:41] 8
[28:41] 8
[28:41] 10
[28:41] 9
[28:41] 8
[28:41] 8
[28:41] 9
[28:41] 8
[28:41] 8
[28:41] 9
[28:41] 8
[28:41] 8
[28:41] 9
[28:41] 8
[28:41] 13
[28:41] 8
[28:41] 8
[28:41] 9
[28:41] 8
[28:41] 8
[28:41] 9
[28:41] 8
[28:41] 8
[28:41] 9
[28:41] 8
[28:41] 8
[28:41] 9
[28:41] 8
[28:41] 8
[28:41] 9
[28:41] 8
[28:41] 9
[28:41] 9
[28:41] 8
[28:41] 9
[28:41] 8
[28:41] 8
[28:41] 9
[28:41] 8
[28:41] 8
[28:41] 9
[28:41] 8
[28:41] 8
[28:41] 9
[28:41] 8
[28:41] 8
[28:41] 9
[28:41] 8
[28:41] 8
[28:41] 9
[28:41] 8
[28:41] 9
[28:41] 8
[28:41] 8
[28:41] 9
[28:41] 8
[28:41] 11
[28:41] 9
[28:41] 8
[28:41] 8
[28:41] 9
[28:41] 8
[28:41] 9
[28:41] 8
[28:41] 8
[28:41] 9
[28:41] 8
[28:41] 9
[28:41] 8
[28:41] 10
[28:41] 8
[28:41] 9
[28:41] 8
[28:41] 8
[28:41] 9
[28:41] 8
[28:41] 9
[28:41] 8
[28:41] 9
[28:42] 9
[28:42] 9
[28:42] 8
[28:42] 9
[28:42] 8
[28:42] 9
[28:42] 9
[28:42] 9
[28:42] 10
[28:42] 9
[28:42] 8
[28:42] 9
[28:42] 9
[28:42] 10
[28:42] 8
[28:42] 9
[28:42] 9
[28:42] 9
[28:42] 9
[28:42] 8
[28:42] 9
[28:42] 8
[28:42] 9
[28:42] 9
[28:42] 8
[28:42] 9
[28:42] 8
[28:42] 9
[28:42] 10
[28:42] 8
[28:42] 9
[28:42] 8
[28:42] 9
[28:42] 9
[28:42] 8
[28:42] 9
[28:42] 8
[28:42] 9
[28:42] 9
[28:42] 9
[28:42] 12
[28:42] 10
[28:42] 9
[28:42] 9
[28:42] 9
[28:42] 9
[28:42] 8
[28:42] 9
[28:42] 9
[28:42] 9
[28:42] 8
[28:42] 9
[28:42] 8
[28:42] 9
[28:42] 8
[28:42] 9
[28:42] 9
[28:42] 8
[28:42] 8
[28:42] 9
[28:42] 8
[28:42] 9
[28:42] 8
[28:42] 9
[28:42] 8
[28:42] 9
[28:42] 8
[28:42] 9
[28:42] 9
[28:42] 8
[28:42] 9
[28:42] 8
[28:42] 9
[28:42] 8
[28:42] 72
[29:48] Running at ['c:/workshop/superpong/pongacceleratedgame.py']
[29:48] caption set
[29:48] Running new display with context PongGameContext
[29:48] Setting up context PongGameContext
[30:16] Running at ['c:/workshop/superpong/pongacceleratedgame.py']
[30:16] caption set
[30:22] Running at ['c:/workshop/superpong/pongacceleratedgame.py']
[30:22] caption set
[30:22] Running new display with context PongGameContext
[30:22] Setting up context PongGameContext
[32:45] Running at ['c:/workshop/superpong/pongacceleratedgame.py']
[32:45] caption set
[32:45] Running new display with context PongGameContext
[32:45] Setting up context PongGameContext
[33:34] Running at ['c:/workshop/superpong/pongacceleratedgame.py']
[33:34] caption set
[33:34] Running new display with context PongGameContext
[33:34] Setting up context PongGameContext
[33:48] Running at ['c:/workshop/superpong/profiler.py']
[33:48] caption set
[33:49] Running new display with context PongGameContext
[33:49] Setting up context PongGameContext
[38:48] Running at ['c:/workshop/superpong/pongacceleratedgame.py']
[38:48] caption set
[38:52] Running at ['c:/workshop/superpong/pongacceleratedgame.py']
[38:53] caption set
[38:53] Running new display with context PongGameContext
[38:53] Setting up context PongGameContext
[39:20] Running at ['c:/workshop/superpong/pongacceleratedgame.py']
[39:20] caption set
[39:20] Running new display with context PongGameContext
[39:20] Setting up context PongGameContext
[40:15] Running at ['c:/workshop/superpong/pongacceleratedgame.py']
[40:15] caption set
[40:16] Running new display with context PongGameContext
[40:16] Setting up context PongGameContext
[52:13] Running at ['c:/workshop/superpong/pongacceleratedgame.py']
[52:13] caption set
[52:13] Running new display with context PongGameContext
[52:13] Setting up context PongGameContext
[53:52] Running at ['c:/workshop/superpong/pongacceleratedgame.py']
[53:52] caption set
[53:52] Running new display with context PongGameContext
[53:52] Setting up context PongGameContext
[54:28] Running at ['c:/workshop/superpong/pongacceleratedgame.py']
[54:28] caption set
[54:29] Running new display with context PongGameContext
[54:29] Setting up context PongGameContext
[55:37] Running at ['c:/workshop/superpong/pongacceleratedgame.py']
[55:37] caption set
[55:38] Running new display with context PongGameContext
[55:38] Setting up context PongGameContext
[56:00] Running at ['c:/workshop/superpong/pongacceleratedgame.py']
[56:00] caption set
[56:01] Running new display with context PongGameContext
[56:01] Setting up context PongGameContext
[56:25] Running at ['c:/workshop/superpong/pongacceleratedgame.py']
[56:25] caption set
[56:26] Running new display with context PongGameContext
[56:26] Setting up context PongGameContext
[56:50] Running at ['c:/workshop/superpong/pongacceleratedgame.py']
[56:50] caption set
[56:51] Running new display with context PongGameContext
[56:51] Setting up context PongGameContext
[57:57] Running at ['c:/workshop/superpong/pongacceleratedgame.py']
[57:57] caption set
[57:58] Running new display with context PongGameContext
[57:58] Setting up context PongGameContext
[58:21] Running at ['c:/workshop/superpong/pongacceleratedgame.py']
[58:21] caption set
[58:22] Running new display with context PongGameContext
[58:22] Setting up context PongGameContext
[02:07] Running at ['c:/workshop/superpong/pongacceleratedgame.py']
[02:07] caption set
[02:08] Running new display with context PongGameContext
[02:08] Setting up context PongGameContext
[03:26] Running at ['c:/workshop/superpong/pongacceleratedgame.py']
[03:26] caption set
[03:26] Running new display with context PongGameContext
[03:26] Setting up context PongGameContext
[03:36] 597
[03:36] 598
[03:36] 599
[03:36] 600
[03:36] 601
[03:36] 602
[03:36] 603
[03:36] 604
[03:36] 605
[03:36] 606
[03:36] 607
[03:36] 608
[03:36] 609
[03:36] 610
[03:36] 611
[03:36] 612
[03:36] 613
[03:36] 614
[03:36] 615
[03:36] 616
[03:36] 617
[03:36] 618
[03:36] 619
[03:36] 620
[03:36] 621
[03:37] 622
[03:37] 623
[03:37] 624
[03:37] 625
[03:37] 626
[03:37] 627
[03:37] 628
[03:37] 629
[03:37] 630
[03:37] 631
[03:37] 632
[03:37] 633
[03:37] 634
[03:37] 635
[03:37] 636
[03:37] 637
[03:37] 638
[03:37] 639
[03:37] 640
[03:37] 641
[03:37] 642
[03:37] 643
[03:37] 644
[03:37] 645
[03:37] 646
[03:37] 647
[03:37] 648
[03:37] 649
[03:37] 650
[03:37] 651
[03:37] 652
[03:37] 653
[03:37] 654
[03:37] 655
[03:37] 656
[03:37] 657
[03:37] 658
[03:37] 659
[03:37] 660
[03:37] 661
[03:37] 662
[03:37] 663
[03:37] 664
[03:37] 665
[03:37] 666
[03:37] 667
[03:37] 668
[03:37] 669
[03:37] 670
[03:37] 671
[03:37] 672
[03:37] 673
[03:37] 674
[03:37] 675
[03:37] 676
[03:37] 677
[03:38] 678
[03:38] 679
[03:38] 680
[03:38] 681
[03:38] 682
[03:38] 683
[03:38] 684
[03:38] 685
[03:38] 686
[03:38] 687
[03:38] 688
[03:38] 689
[03:38] 690
[03:38] 691
[03:38] 692
[03:38] 693
[03:38] 694
[03:38] 695
[03:38] 696
[03:38] 697
[03:38] 698
[03:38] 699
[03:38] 700
[03:38] 701
[03:38] 702
[03:38] 703
[03:38] 704
[03:38] 705
[03:38] 706
[03:38] 707
[03:38] 708
[03:38] 709
[03:38] 710
[04:22] Running at ['c:/workshop/superpong/pongacceleratedgame.py']
[04:22] caption set
[04:22] Running new display with context PongGameContext
[04:22] Setting up context PongGameContext
[04:42] 1185
[05:26] Running at ['c:/workshop/superpong/pongacceleratedgame.py']
[05:26] caption set
[05:26] Running new display with context PongGameContext
[05:26] Setting up context PongGameContext
[05:46] 1168
[06:08] Running at ['c:/workshop/superpong/pongacceleratedgame.py']
[06:08] caption set
[06:09] Running new display with context PongGameContext
[06:09] Setting up context PongGameContext
[06:29] 1196
[07:08] Running at ['c:/workshop/superpong/pongacceleratedgame.py']
[07:08] caption set
[07:09] Running new display with context PongGameContext
[07:09] Setting up context PongGameContext
[07:29] 1193
[07:36] Running at ['c:/workshop/superpong/pongacceleratedgame.py']
[07:36] caption set
[07:36] Running new display with context PongGameContext
[07:36] Setting up context PongGameContext
[07:56] 1196
[08:02] Running at ['c:/workshop/superpong/pongacceleratedgame.py']
[08:02] caption set
[08:03] Running new display with context PongGameContext
[08:03] Setting up context PongGameContext
[08:23] 1197
[08:50] Running at ['c:/workshop/superpong/pongacceleratedgame.py']
[08:50] caption set
[08:50] Running new display with context PongGameContext
[08:50] Setting up context PongGameContext
[09:10] 1691
[09:22] Running at ['c:/workshop/superpong/pongacceleratedgame.py']
[09:23] caption set
[09:23] Running new display with context PongGameContext
[09:23] Setting up context PongGameContext
[09:43] 1683
[09:50] Running at ['c:/workshop/superpong/pongacceleratedgame.py']
[09:50] caption set
[09:50] Running new display with context PongGameContext
[09:50] Setting up context PongGameContext
[10:10] 1664
[11:54] Running at ['c:/workshop/superpong/pongacceleratedgame.py']
[11:54] caption set
[11:54] Running new display with context PongGameContext
[11:54] Setting up context PongGameContext
[12:14] 1694
[13:33] Running at ['c:/workshop/superpong/pongacceleratedgame.py']
[13:33] caption set
[13:34] Running new display with context PongGameContext
[13:34] Setting up context PongGameContext
[13:54] 1695
[14:01] Running at ['c:/workshop/superpong/pongacceleratedgame.py']
[14:01] caption set
[14:02] Running new display with context PongGameContext
[14:02] Setting up context PongGameContext
[14:22] 1677
[14:28] Running at ['c:/workshop/superpong/pongacceleratedgame.py']
[14:28] caption set
[14:28] Running new display with context PongGameContext
[14:28] Setting up context PongGameContext
[14:48] 1676
[15:12] Running at ['c:/workshop/superpong/pongacceleratedgame.py']
[15:12] caption set
[15:12] Running new display with context PongGameContext
[15:12] Setting up context PongGameContext
[15:32] 1165
[30:14] Running at ['c:/workshop/superpong/pongacceleratedgame.py']
[30:14] caption set
[30:14] Running new display with context PongGameContext
[30:14] Setting up context PongGameContext
[30:34] 1665
[30:50] Running at ['c:/workshop/superpong/pongacceleratedgame.py']
[30:50] caption set
[30:50] Running new display with context PongGameContext
[30:50] Setting up context PongGameContext
[32:14] Running at ['c:/workshop/superpong/pongacceleratedgame.py']
[32:14] caption set
[32:15] Running new display with context PongGameContext
[32:15] Setting up context PongGameContext
[36:13] Running at ['c:/workshop/superpong/pongacceleratedgame.py']
[36:13] caption set
[36:14] Running new display with context PongGameContext
[36:14] Setting up context PongGameContext
[37:26] Running at ['c:/workshop/superpong/pongacceleratedgame.py']
[37:26] caption set
[37:27] Running new display with context PongGameContext
[37:27] Setting up context PongGameContext
[38:22] Running at ['c:/workshop/superpong/pongacceleratedgame.py']
[38:23] caption set
[38:23] Running new display with context PongGameContext
[38:23] Setting up context PongGameContext
[38:43] 1664
[38:50] Running at ['c:/workshop/superpong/pongacceleratedgame.py']
[38:50] caption set
[38:50] Running new display with context PongGameContext
[38:50] Setting up context PongGameContext
[39:10] 1681
[39:16] Running at ['c:/workshop/superpong/pongacceleratedgame.py']
[39:16] caption set
[39:17] Running new display with context PongGameContext
[39:17] Setting up context PongGameContext
[39:37] 1654
[40:18] Running at ['c:/workshop/superpong/pongacceleratedgame.py']
[40:18] caption set
[40:18] Running new display with context PongGameContext
[40:18] Setting up context PongGameContext
[40:38] 1655
[48:50] Running at ['c:/workshop/superpong/pongacceleratedgame.py']
[48:50] caption set
[48:50] Running new display with context PongGameContext
[48:50] Setting up context PongGameContext
[52:09] Running at ['c:/workshop/superpong/pongacceleratedgame.py']
[52:10] caption set
[52:10] Running new display with context PongGameContext
[52:10] Setting up context PongGameContext
[53:21] Running at ['c:/workshop/superpong/pongacceleratedgame.py']
[53:21] caption set
[53:21] Running new display with context PongGameContext
[53:21] Setting up context PongGameContext
[53:42] 1650
[54:08] Running at ['c:/workshop/superpong/pongacceleratedgame.py']
[54:08] caption set
[54:08] Running new display with context PongGameContext
[54:08] Setting up context PongGameContext
[02:53] Running at ['c:/workshop/superpong/pongacceleratedgame.py']
[02:53] caption set
[02:54] Running new display with context PongGameContext
[02:54] Setting up context PongGameContext
[03:14] 1623
[03:18] Running at ['c:/workshop/superpong/pongacceleratedgame.py']
[03:18] caption set
[03:19] Running new display with context PongGameContext
[03:19] Setting up context PongGameContext
[03:39] 1624
[03:42] Running at ['c:/workshop/superpong/pongacceleratedgame.py']
[03:42] caption set
[03:43] Running new display with context PongGameContext
[03:43] Setting up context PongGameContext
[04:03] 1618
[06:32] Running at ['c:/workshop/superpong/pongacceleratedgame.py']
[06:32] caption set
[06:32] Running new display with context PongGameContext
[06:32] Setting up context PongGameContext
[06:52] 1646
[09:43] Running at ['c:/workshop/superpong/pongacceleratedgame.py']
[09:43] caption set
[09:43] Running new display with context PongGameContext
[09:43] Setting up context PongGameContext
[10:03] 1617
[12:30] Running at ['c:/workshop/superpong/pongacceleratedgame.py']
[12:30] caption set
[12:30] Running new display with context PongGameContext
[12:30] Setting up context PongGameContext
[12:50] 1634
[13:38] Running at ['c:/workshop/superpong/pongacceleratedgame.py']
[13:38] caption set
[13:39] Running new display with context PongGameContext
[13:39] Setting up context PongGameContext
[13:59] 1839
[14:53] Running at ['c:/workshop/superpong/pongacceleratedgame.py']
[14:53] caption set
[14:54] Running new display with context PongGameContext
[14:54] Setting up context PongGameContext
[15:14] 1856
[16:51] Running at ['c:/workshop/superpong/pongacceleratedgame.py']
[16:51] caption set
[16:51] Running new display with context PongGameContext
[16:51] Setting up context PongGameContext
[18:21] Running at ['c:/workshop/superpong/pongacceleratedgame.py']
[18:21] caption set
[18:22] Running new display with context PongGameContext
[18:22] Setting up context PongGameContext
[19:59] Running at ['c:/workshop/superpong/pongacceleratedgame.py']
[19:59] caption set
[20:00] Running new display with context PongGameContext
[20:00] Setting up context PongGameContext
[21:29] Running at ['c:/workshop/superpong/pongacceleratedgame.py']
[21:30] caption set
[21:34] Running at ['c:/workshop/superpong/pongacceleratedgame.py']
[21:34] caption set
[21:34] Running new display with context PongGameContext
[21:34] Setting up context PongGameContext
[22:13] Running at ['c:/workshop/superpong/pongacceleratedgame.py']
[22:13] caption set
[22:14] Running new display with context PongGameContext
[22:14] Setting up context PongGameContext
[23:17] Running at ['c:/workshop/superpong/pongacceleratedgame.py']
[23:17] caption set
[23:18] Running new display with context PongGameContext
[23:18] Setting up context PongGameContext
[23:38] 1841
[24:26] Running at ['c:/workshop/superpong/pongacceleratedgame.py']
[24:26] caption set
[24:27] Running new display with context PongGameContext
[24:27] Setting up context PongGameContext
[27:02] Running at ['c:/workshop/superpong/pongacceleratedgame.py']
[27:02] caption set
[27:02] Running new display with context PongGameContext
[27:02] Setting up context PongGameContext
[27:58] Running at ['c:/workshop/superpong/pongacceleratedgame.py']
[27:58] caption set
[27:59] Running new display with context PongGameContext
[27:59] Setting up context PongGameContext
[28:06] Running at ['c:/workshop/superpong/pongacceleratedgame.py']
[28:06] caption set
[28:07] Running new display with context PongGameContext
[28:07] Setting up context PongGameContext
[28:27] 1829
[30:06] Running at ['c:/workshop/superpong/pongacceleratedgame.py']
[30:06] caption set
[30:06] Running new display with context PongGameContext
[30:06] Setting up context PongGameContext
[30:26] 1838
[30:35] Running at ['c:/workshop/superpong/pongacceleratedgame.py']
[30:35] caption set
[30:35] Running new display with context PongGameContext
[30:35] Setting up context PongGameContext
[30:55] 1825
[31:11] Running at ['c:/workshop/superpong/pongacceleratedgame.py']
[31:11] caption set
[31:12] Running new display with context PongGameContext
[31:12] Setting up context PongGameContext
[31:32] 1810
[33:19] Running at ['c:/workshop/superpong/pongacceleratedgame.py']
[33:19] caption set
[33:19] Running new display with context PongGameContext
[33:19] Setting up context PongGameContext
[33:39] 1827
[33:42] Running at ['c:/workshop/superpong/pongacceleratedgame.py']
[33:43] caption set
[33:43] Running new display with context PongGameContext
[33:43] Setting up context PongGameContext
[34:03] 1806
[34:20] Running at ['c:/workshop/superpong/pongacceleratedgame.py']
[34:20] caption set
[34:21] Running new display with context PongGameContext
[34:21] Setting up context PongGameContext
[34:41] 985
[35:03] Running at ['c:/workshop/superpong/pongacceleratedgame.py']
[35:03] caption set
[35:03] Running new display with context PongGameContext
[35:03] Setting up context PongGameContext
[35:23] 542
[36:00] Running at ['c:/workshop/superpong/pongacceleratedgame.py']
[36:00] caption set
[36:01] Running new display with context PongGameContext
[36:01] Setting up context PongGameContext
[36:17] Running at ['c:/workshop/superpong/pongacceleratedgame.py']
[36:17] caption set
[36:17] Running new display with context PongGameContext
[36:17] Setting up context PongGameContext
[36:37] 364
[36:57] Running at ['c:/workshop/superpong/pongacceleratedgame.py']
[36:57] caption set
[36:57] Running new display with context PongGameContext
[36:57] Setting up context PongGameContext
[37:17] 546
[37:28] Running at ['c:/workshop/superpong/pongacceleratedgame.py']
[37:28] caption set
[37:29] Running new display with context PongGameContext
[37:29] Setting up context PongGameContext
[39:31] Running at ['c:/workshop/superpong/pongacceleratedgame.py']
[39:31] caption set
[39:35] Running at ['c:/workshop/superpong/pongacceleratedgame.py']
[39:35] caption set
[39:35] Running new display with context PongGameContext
[39:35] Setting up context PongGameContext
[39:55] 342
[40:16] Running at ['c:/workshop/superpong/pongacceleratedgame.py']
[40:16] caption set
[40:16] Running new display with context PongGameContext
[40:16] Setting up context PongGameContext
[40:36] 342
[40:55] Running at ['c:/workshop/superpong/pongacceleratedgame.py']
[40:55] caption set
[40:56] Running new display with context PongGameContext
[40:56] Setting up context PongGameContext
[41:16] 176
[41:26] Running at ['c:/workshop/superpong/pongacceleratedgame.py']
[41:26] caption set
[41:26] Running new display with context PongGameContext
[41:26] Setting up context PongGameContext
[41:43] Running at ['c:/workshop/superpong/pongacceleratedgame.py']
[41:43] caption set
[41:47] Running at ['c:/workshop/superpong/pongacceleratedgame.py']
[41:47] caption set
[41:47] Running new display with context PongGameContext
[41:47] Setting up context PongGameContext
[42:07] Running at ['c:/workshop/superpong/pongacceleratedgame.py']
[42:07] caption set
[42:08] Running new display with context PongGameContext
[42:08] Setting up context PongGameContext
[42:28] 332
[42:53] Running at ['c:/workshop/superpong/pongacceleratedgame.py']
[42:53] caption set
[42:53] Running new display with context PongGameContext
[42:53] Setting up context PongGameContext
[44:16] Running at ['c:/workshop/superpong/pongacceleratedgame.py']
[44:16] caption set
[44:16] Running new display with context PongGameContext
[44:16] Setting up context PongGameContext
[47:12] Running at ['c:/workshop/superpong/pongacceleratedgame.py']
[47:12] caption set
[47:13] Running new display with context PongGameContext
[47:13] Setting up context PongGameContext
[27:32] Running at ['c:/workshop/superpong/pongacceleratedgame.py']
[27:32] caption set
[27:32] Running new display with context PongGameContext
[27:32] Setting up context PongGameContext
[28:55] Running at ['c:/workshop/superpong/pongacceleratedgame.py']
[28:55] caption set
[28:55] Running new display with context PongGameContext
[28:55] Setting up context PongGameContext
[39:51] Running at ['c:/workshop/superpong/pongacceleratedgame.py']
[39:51] caption set
[39:52] Running new display with context PongGameContext
[39:52] Setting up context PongGameContext
[40:46] Running at ['c:/workshop/superpong/pongacceleratedgame.py']
[40:46] caption set
[40:46] Running new display with context PongGameContext
[40:46] Setting up context PongGameContext
[41:29] Running at ['c:/workshop/superpong/pongacceleratedgame.py']
[41:30] caption set
[41:30] Running new display with context PongGameContext
[41:30] Setting up context PongGameContext
[42:15] Running at ['c:/workshop/superpong/pongacceleratedgame.py']
[42:15] caption set
[42:16] Running new display with context PongGameContext
[42:16] Setting up context PongGameContext
[42:40] Running at ['c:/workshop/superpong/pongacceleratedgame.py']
[42:40] caption set
[42:41] Running new display with context PongGameContext
[42:41] Setting up context PongGameContext
[44:16] Running at ['c:/workshop/superpong/pongacceleratedgame.py']
[44:16] caption set
[44:16] Running new display with context PongGameContext
[44:16] Setting up context PongGameContext
[49:15] Running at ['c:/workshop/superpong/pongacceleratedgame.py']
[49:15] caption set
[49:15] Running new display with context PongGameContext
[49:15] Setting up context PongGameContext
[49:36] Running at ['c:/workshop/superpong/pongacceleratedgame.py']
[49:36] caption set
[49:37] Running new display with context PongGameContext
[49:37] Setting up context PongGameContext
[50:06] Running at ['c:/workshop/superpong/pongacceleratedgame.py']
[50:06] caption set
[50:07] Running new display with context PongGameContext
[50:07] Setting up context PongGameContext
[51:58] Running at ['c:/workshop/superpong/pongacceleratedgame.py']
[51:58] caption set
[51:58] Running new display with context PongGameContext
[51:58] Setting up context PongGameContext
[52:49] Running at ['c:/workshop/superpong/profiler.py']
[52:49] caption set
[52:50] Running new display with context PongGameContext
[52:50] Setting up context PongGameContext
[53:38] Running at ['C:\\workshop\\superpong\\profiler.py']
[53:38] caption set
[53:39] Running new display with context PongGameContext
[53:39] Setting up context PongGameContext
[55:30] Running at ['c:/workshop/superpong/profiler.py']
[55:30] caption set
[55:31] Running new display with context PongGameContext
[55:31] Setting up context PongGameContext
[59:47] Running at ['C:\\workshop\\superpong\\profiler.py']
[59:47] caption set
[59:48] Running new display with context PongGameContext
[59:48] Setting up context PongGameContext
[03:34] Running at ['C:\\workshop\\superpong\\profiler.py']
[03:34] caption set
[03:34] Running new display with context PongGameContext
[03:34] Setting up context PongGameContext
[10:30] Running at ['c:/workshop/superpong/profiler.py']
[10:30] caption set
[10:31] Running new display with context PongGameContext
[10:31] Setting up context PongGameContext
[10:46] Running at ['C:\\workshop\\superpong\\profiler.py']
[10:46] caption set
[10:47] Running new display with context PongGameContext
[10:47] Setting up context PongGameContext
[13:12] Running at ['c:/workshop/superpong/pongacceleratedgame.py']
[13:12] caption set
[13:12] Running new display with context PongGameContext
[13:12] Setting up context PongGameContext
[13:32] 1484
[13:50] Running at ['c:/workshop/superpong/pongacceleratedgame.py']
[13:50] caption set
[13:50] Running new display with context PongGameContext
[13:50] Setting up context PongGameContext
[14:10] 1522
[14:50] Running at ['c:/workshop/superpong/pongacceleratedgame.py']
[14:50] caption set
[14:51] Running new display with context PongGameContext
[14:51] Setting up context PongGameContext
[15:11] 1008
[17:07] Running at ['c:/workshop/superpong/pongacceleratedgame.py']
[17:07] caption set
[17:08] Running new display with context PongGameContext
[17:08] Setting up context PongGameContext
[17:28] 1510
[17:41] Running at ['c:/workshop/superpong/pongacceleratedgame.py']
[17:41] caption set
[17:41] Running new display with context PongGameContext
[17:41] Setting up context PongGameContext
[18:01] 1012
[21:39] Running at ['c:/workshop/superpong/pongacceleratedgame.py']
[21:39] caption set
[21:40] Running new display with context PongGameContext
[21:40] Setting up context PongGameContext
[22:00] 1478
[25:28] Running at ['c:/workshop/superpong/pongacceleratedgame.py']
[25:28] caption set
[25:29] Running new display with context PongGameContext
[25:29] Setting up context PongGameContext
[25:49] 1501
[26:33] Running at ['c:/workshop/superpong/pongacceleratedgame.py']
[26:33] caption set
[26:33] Running new display with context PongGameContext
[26:33] Setting up context PongGameContext
[26:53] 1494
[27:25] Running at ['c:/workshop/superpong/pongacceleratedgame.py']
[27:25] caption set
[27:30] Running at ['c:/workshop/superpong/pongacceleratedgame.py']
[27:30] caption set
[27:30] Running new display with context PongGameContext
[27:30] Setting up context PongGameContext
[27:50] 1491
[29:13] Running at ['c:/workshop/superpong/pongacceleratedgame.py']
[29:13] caption set
[29:14] Running new display with context PongGameContext
[29:14] Setting up context PongGameContext
[29:34] 1522
[31:17] Running at ['c:/workshop/superpong/pongacceleratedgame.py']
[31:17] caption set
[31:17] Running new display with context PongGameContext
[31:17] Setting up context PongGameContext
[31:38] 1475
[32:43] Running at ['c:/workshop/superpong/pongacceleratedgame.py']
[32:43] caption set
[32:44] Running new display with context PongGameContext
[32:44] Setting up context PongGameContext
[33:04] 1482
[33:26] Running at ['C:\\workshop\\superpong\\profiler.py']
[33:26] caption set
[33:27] Running new display with context PongGameContext
[33:27] Setting up context PongGameContext
[33:47] 999
[35:37] Running at ['c:/workshop/superpong/pongacceleratedgame.py']
[35:37] caption set
[35:38] Running new display with context PongGameContext
[35:38] Setting up context PongGameContext
[35:58] 1503
[36:30] Running at ['c:/workshop/superpong/pongacceleratedgame.py']
[36:30] caption set
[36:31] Running new display with context PongGameContext
[36:31] Setting up context PongGameContext
[36:51] 71
[37:02] Running at ['c:/workshop/superpong/pongacceleratedgame.py']
[37:03] caption set
[37:03] Running new display with context PongGameContext
[37:03] Setting up context PongGameContext
[37:23] 171
[37:33] Running at ['c:/workshop/superpong/pongacceleratedgame.py']
[37:33] caption set
[37:33] Running new display with context PongGameContext
[37:33] Setting up context PongGameContext
[37:53] 342
[39:57] Running at ['c:/workshop/superpong/pongacceleratedgame.py']
[39:57] caption set
[39:57] Running new display with context PongGameContext
[39:57] Setting up context PongGameContext
[40:17] 339
[40:21] Running at ['c:/workshop/superpong/pongacceleratedgame.py']
[40:21] caption set
[40:21] Running new display with context PongGameContext
[40:21] Setting up context PongGameContext
[40:41] 336
[49:56] Running at ['c:/workshop/superpong/pongacceleratedgame.py']
[49:56] caption set
[49:56] Running new display with context PongGameContext
[49:56] Setting up context PongGameContext
[50:16] 338
[50:19] Running at ['c:/workshop/superpong/pongacceleratedgame.py']
[50:19] caption set
[50:20] Running new display with context PongGameContext
[50:20] Setting up context PongGameContext
[50:40] 340
[53:43] Running at ['c:/workshop/superpong/pongacceleratedgame.py']
[53:43] caption set
[53:43] Running new display with context PongGameContext
[53:43] Setting up context PongGameContext
[54:03] 92
[56:43] Running at ['c:/workshop/superpong/pongacceleratedgame.py']
[56:43] caption set
[56:44] Running new display with context PongGameContext
[56:44] Setting up context PongGameContext
[58:01] Running at ['c:/workshop/superpong/pongacceleratedgame.py']
[58:01] caption set
[58:02] Running new display with context PongGameContext
[58:02] Setting up context PongGameContext
[59:28] Running at ['c:/workshop/superpong/pongacceleratedgame.py']
[59:28] caption set
[59:29] Running new display with context PongGameContext
[59:29] Setting up context PongGameContext
[59:41] Running at ['c:/workshop/superpong/pongacceleratedgame.py']
[59:41] caption set
[59:42] Running new display with context PongGameContext
[59:42] Setting up context PongGameContext
[59:54] Running at ['c:/workshop/superpong/pongacceleratedgame.py']
[59:54] caption set
[59:55] Running new display with context PongGameContext
[59:55] Setting up context PongGameContext
[00:15] 91
[00:38] Running at ['c:/workshop/superpong/pongacceleratedgame.py']
[00:38] caption set
[00:38] Running new display with context PongGameContext
[00:38] Setting up context PongGameContext
[00:58] 337
[01:44] Running at ['c:/workshop/superpong/pongacceleratedgame.py']
[01:44] caption set
[01:45] Running new display with context PongGameContext
[01:45] Setting up context PongGameContext
[02:40] Running at ['c:/workshop/superpong/pongacceleratedgame.py']
[02:40] caption set
[02:41] Running new display with context PongGameContext
[02:41] Setting up context PongGameContext
[03:01] 331
[03:12] Running at ['c:/workshop/superpong/pongacceleratedgame.py']
[03:12] caption set
[03:13] Running new display with context PongGameContext
[03:13] Setting up context PongGameContext
[03:13] <rect(0, 0, 1500, 1000)>
[03:14] <rect(0, 0, 1500, 1000)>
[03:14] <rect(0, 0, 1500, 1000)>
[03:14] <rect(0, 0, 1500, 1000)>
[03:14] <rect(0, 0, 1500, 1000)>
[03:14] <rect(0, 0, 1500, 1000)>
[03:14] <rect(0, 0, 1500, 1000)>
[03:14] <rect(0, 0, 1500, 1000)>
[03:14] <rect(0, 0, 1500, 1000)>
[03:14] <rect(0, 0, 1500, 1000)>
[03:14] <rect(0, 0, 1500, 1000)>
[03:14] <rect(0, 0, 1500, 1000)>
[03:14] <rect(0, 0, 1500, 1000)>
[03:14] <rect(0, 0, 1500, 1000)>
[03:14] <rect(0, 0, 1500, 1000)>
[03:14] <rect(0, 0, 1500, 1000)>
[03:14] <rect(0, 0, 1500, 1000)>
[03:15] <rect(0, 0, 1500, 1000)>
[03:15] <rect(0, 0, 1500, 1000)>
[03:15] <rect(0, 0, 1500, 1000)>
[03:15] <rect(0, 0, 1500, 1000)>
[03:15] <rect(0, 0, 1500, 1000)>
[03:15] <rect(0, 0, 1500, 1000)>
[03:15] <rect(0, 0, 1500, 1000)>
[03:15] <rect(0, 0, 1500, 1000)>
[03:15] <rect(0, 0, 1500, 1000)>
[03:15] <rect(0, 0, 1500, 1000)>
[03:15] <rect(0, 0, 1500, 1000)>
[03:15] <rect(0, 0, 1500, 1000)>
[03:15] <rect(0, 0, 1500, 1000)>
[03:15] <rect(0, 0, 1500, 1000)>
[03:15] <rect(0, 0, 1500, 1000)>
[03:15] <rect(0, 0, 1500, 1000)>
[03:15] <rect(0, 0, 1500, 1000)>
[03:16] <rect(0, 0, 1500, 1000)>
[03:16] <rect(0, 0, 1500, 1000)>
[03:16] <rect(0, 0, 1500, 1000)>
[03:16] <rect(0, 0, 1500, 1000)>
[03:16] <rect(0, 0, 1500, 1000)>
[03:16] <rect(0, 0, 1500, 1000)>
[03:16] <rect(0, 0, 1500, 1000)>
[03:16] <rect(0, 0, 1500, 1000)>
[03:16] <rect(0, 0, 1500, 1000)>
[03:16] <rect(0, 0, 1500, 1000)>
[03:16] <rect(0, 0, 1500, 1000)>
[03:16] <rect(0, 0, 1500, 1000)>
[03:16] <rect(0, 0, 1500, 1000)>
[03:16] <rect(0, 0, 1500, 1000)>
[03:16] <rect(0, 0, 1500, 1000)>
[03:16] <rect(0, 0, 1500, 1000)>
[03:16] <rect(0, 0, 1500, 1000)>
[03:16] <rect(0, 0, 1500, 1000)>
[03:17] <rect(0, 0, 1500, 1000)>
[03:17] <rect(0, 0, 1500, 1000)>
[03:17] <rect(0, 0, 1500, 1000)>
[03:17] <rect(0, 0, 1500, 1000)>
[03:17] <rect(0, 0, 1500, 1000)>
[03:17] <rect(0, 0, 1500, 1000)>
[03:17] <rect(0, 0, 1500, 1000)>
[03:17] <rect(0, 0, 1500, 1000)>
[03:17] <rect(0, 0, 1500, 1000)>
[03:17] <rect(0, 0, 1500, 1000)>
[03:17] <rect(0, 0, 1500, 1000)>
[03:17] <rect(0, 0, 1500, 1000)>
[03:17] <rect(0, 0, 1500, 1000)>
[03:17] <rect(0, 0, 1500, 1000)>
[03:17] <rect(0, 0, 1500, 1004)>
[03:17] <rect(0, 0, 1500, 1006)>
[03:17] <rect(0, 0, 1500, 1006)>
[03:18] <rect(0, 0, 1500, 1005)>
[03:18] <rect(0, 0, 1500, 1005)>
[03:18] <rect(0, 0, 1500, 1005)>
[03:18] <rect(0, 0, 1500, 1005)>
[03:18] <rect(0, 0, 1500, 1005)>
[03:18] <rect(0, 0, 1500, 1005)>
[03:18] <rect(0, 0, 1500, 1005)>
[03:18] <rect(0, 0, 1500, 1004)>
[03:18] <rect(0, 0, 1500, 1004)>
[03:18] <rect(0, 0, 1500, 1005)>
[03:18] <rect(0, 0, 1500, 1004)>
[03:18] <rect(0, 0, 1500, 1004)>
[03:18] <rect(0, 0, 1500, 1004)>
[03:18] <rect(0, 0, 1500, 1003)>
[03:18] <rect(0, 0, 1500, 1004)>
[03:18] <rect(0, 0, 1500, 1005)>
[03:18] <rect(0, 0, 1500, 1005)>
[03:19] <rect(0, 0, 1500, 1003)>
[03:19] <rect(0, 0, 1500, 1003)>
[03:19] <rect(0, 0, 1500, 1004)>
[03:19] <rect(0, 0, 1500, 1004)>
[03:19] <rect(0, 0, 1500, 1005)>
[03:19] <rect(0, 0, 1500, 1005)>
[03:19] <rect(0, 0, 1500, 1004)>
[03:19] <rect(0, 0, 1500, 1005)>
[03:19] <rect(0, 0, 1500, 1005)>
[03:19] <rect(0, 0, 1500, 1004)>
[03:19] <rect(0, 0, 1500, 1004)>
[03:19] <rect(0, 0, 1500, 1004)>
[03:19] <rect(0, 0, 1500, 1003)>
[03:19] <rect(0, 0, 1500, 1004)>
[03:19] <rect(0, 0, 1500, 1004)>
[03:19] <rect(0, 0, 1500, 1004)>
[03:19] <rect(0, 0, 1500, 1003)>
[03:20] <rect(0, 0, 1500, 1005)>
[03:20] <rect(0, 0, 1500, 1003)>
[03:20] <rect(0, 0, 1500, 1003)>
[03:20] <rect(0, 0, 1500, 1002)>
[03:20] <rect(0, 0, 1500, 1003)>
[03:20] <rect(0, 0, 1500, 1003)>
[03:20] <rect(0, 0, 1500, 1005)>
[03:20] <rect(0, 0, 1500, 1002)>
[03:20] <rect(0, 0, 1500, 1002)>
[03:20] <rect(0, 0, 1502, 1003)>
[03:20] <rect(0, 0, 1505, 1003)>
[03:20] <rect(0, 0, 1504, 1004)>
[03:20] <rect(0, 0, 1504, 1004)>
[03:20] <rect(0, 0, 1504, 1003)>
[03:20] <rect(0, 0, 1504, 1003)>
[03:20] <rect(0, 0, 1504, 1004)>
[03:20] <rect(0, 0, 1504, 1003)>
[03:21] <rect(0, 0, 1504, 1002)>
[03:21] <rect(0, 0, 1504, 1004)>
[03:21] <rect(0, 0, 1504, 1001)>
[03:21] <rect(0, 0, 1504, 1002)>
[03:21] <rect(0, 0, 1504, 1004)>
[03:21] <rect(0, 0, 1503, 1002)>
[03:21] <rect(0, 0, 1503, 1003)>
[03:21] <rect(0, 0, 1503, 1002)>
[03:21] <rect(0, 0, 1503, 1002)>
[03:21] <rect(0, 0, 1502, 1001)>
[03:21] <rect(0, 0, 1503, 1002)>
[03:21] <rect(0, 0, 1503, 1004)>
[03:21] <rect(0, 0, 1503, 1001)>
[03:21] <rect(0, 0, 1503, 1002)>
[03:21] <rect(0, 0, 1503, 1003)>
[03:21] <rect(0, 0, 1503, 1003)>
[03:21] <rect(0, 0, 1503, 1004)>
[03:22] <rect(0, 0, 1502, 1003)>
[03:22] <rect(0, 0, 1502, 1003)>
[03:22] <rect(0, 0, 1502, 1004)>
[03:22] <rect(0, 0, 1502, 1004)>
[03:22] <rect(0, 0, 1502, 1003)>
[03:22] <rect(0, 0, 1502, 1003)>
[03:22] <rect(0, 0, 1501, 1000)>
[03:22] <rect(0, 0, 1502, 1003)>
[03:22] <rect(0, 0, 1501, 1001)>
[03:22] <rect(0, 0, 1502, 1002)>
[03:22] <rect(0, 0, 1501, 1001)>
[03:22] <rect(0, 0, 1502, 1002)>
[03:22] <rect(0, 0, 1501, 1000)>
[03:22] <rect(0, 0, 1501, 1002)>
[03:22] <rect(0, 0, 1501, 1003)>
[03:22] <rect(0, 0, 1501, 1001)>
[03:22] <rect(0, 0, 1501, 1000)>
[03:23] <rect(0, 0, 1501, 1002)>
[03:23] <rect(0, 0, 1501, 1002)>
[03:23] <rect(0, 0, 1502, 1000)>
[03:23] <rect(0, 0, 1501, 1002)>
[03:23] <rect(0, 0, 1501, 1003)>
[03:23] <rect(0, 0, 1501, 1002)>
[03:23] <rect(0, 0, 1501, 1001)>
[03:23] <rect(0, 0, 1501, 1003)>
[03:23] <rect(0, 0, 1501, 1002)>
[03:23] <rect(0, 0, 1501, 1001)>
[03:23] <rect(0, 0, 1501, 1001)>
[03:23] <rect(0, 0, 1501, 1003)>
[03:23] <rect(0, 0, 1501, 1003)>
[03:23] <rect(0, 0, 1502, 1002)>
[03:23] <rect(0, 0, 1502, 1002)>
[03:23] <rect(0, 0, 1501, 1000)>
[03:23] <rect(0, 0, 1502, 1001)>
[03:24] <rect(0, 0, 1502, 1002)>
[03:24] <rect(0, 0, 1501, 1002)>
[03:24] <rect(0, 0, 1501, 1003)>
[03:24] <rect(0, 0, 1501, 1002)>
[03:24] <rect(0, 0, 1501, 1002)>
[03:24] <rect(0, 0, 1502, 1000)>
[03:24] <rect(0, 0, 1501, 1000)>
[03:24] <rect(0, 0, 1501, 1000)>
[03:24] <rect(0, 0, 1501, 1001)>
[03:24] <rect(0, 0, 1501, 1000)>
[03:24] <rect(0, 0, 1501, 1000)>
[03:24] <rect(0, 0, 1501, 1000)>
[03:24] <rect(0, 0, 1501, 1000)>
[03:24] <rect(0, 0, 1501, 1000)>
[03:24] <rect(0, 0, 1501, 1000)>
[03:24] <rect(0, 0, 1502, 1000)>
[03:24] <rect(0, 0, 1502, 1000)>
[03:25] <rect(0, 0, 1504, 1000)>
[03:41] Running at ['c:/workshop/superpong/pongacceleratedgame.py']
[03:41] caption set
[03:41] Running new display with context PongGameContext
[03:41] Setting up context PongGameContext
[03:42] <rect(250, 438, 1060, 562)>
[03:42] <rect(250, 383, 1060, 617)>
[03:42] <rect(250, 377, 1060, 623)>
[03:42] <rect(250, 371, 1060, 629)>
[03:42] <rect(250, 364, 1060, 636)>
[03:42] <rect(250, 358, 1060, 642)>
[03:42] <rect(250, 352, 1060, 648)>
[03:42] <rect(250, 345, 1060, 655)>
[03:42] <rect(250, 339, 1060, 661)>
[03:42] <rect(250, 333, 1060, 667)>
[03:42] <rect(250, 327, 1060, 673)>
[03:42] <rect(250, 321, 1060, 679)>
[03:42] <rect(250, 314, 1060, 686)>
[03:42] <rect(250, 308, 1060, 692)>
[03:43] <rect(250, 302, 1060, 698)>
[03:43] <rect(250, 296, 1060, 704)>
[03:43] <rect(250, 289, 1060, 711)>
[03:43] <rect(250, 283, 1060, 717)>
[03:43] <rect(250, 277, 1060, 723)>
[03:43] <rect(250, 271, 1060, 729)>
[03:43] <rect(250, 265, 1060, 735)>
[03:43] <rect(250, 258, 1060, 742)>
[03:43] <rect(250, 252, 1060, 748)>
[03:43] <rect(250, 246, 1060, 754)>
[03:43] <rect(250, 240, 1060, 760)>
[03:43] <rect(250, 234, 1060, 766)>
[03:43] <rect(250, 228, 1060, 772)>
[03:43] <rect(250, 222, 1060, 778)>
[03:43] <rect(250, 216, 1060, 784)>
[03:43] <rect(250, 210, 1060, 790)>
[03:43] <rect(250, 204, 1060, 796)>
[03:44] <rect(250, 197, 1060, 803)>
[03:44] <rect(250, 191, 1060, 809)>
[03:44] <rect(250, 185, 1060, 815)>
[03:44] <rect(250, 179, 1060, 821)>
[03:44] <rect(250, 173, 1060, 827)>
[03:44] <rect(250, 167, 1060, 833)>
[03:44] <rect(250, 161, 1060, 839)>
[03:44] <rect(250, 156, 1060, 844)>
[03:44] <rect(250, 150, 1060, 850)>
[03:44] <rect(250, 144, 1060, 856)>
[03:44] <rect(250, 138, 1060, 862)>
[03:44] <rect(250, 132, 1060, 868)>
[03:44] <rect(250, 126, 1060, 874)>
[03:44] <rect(250, 120, 1060, 880)>
[03:44] <rect(250, 114, 1060, 886)>
[03:44] <rect(250, 108, 1060, 892)>
[03:44] <rect(250, 102, 1060, 898)>
[03:45] <rect(250, 96, 1060, 904)>
[03:45] <rect(250, 91, 1060, 909)>
[03:45] <rect(250, 85, 1060, 915)>
[03:45] <rect(250, 79, 1060, 921)>
[03:45] <rect(250, 73, 1060, 927)>
[03:45] <rect(250, 67, 1060, 933)>
[03:45] <rect(250, 61, 1060, 939)>
[03:45] <rect(250, 56, 1060, 944)>
[03:45] <rect(250, 50, 1060, 950)>
[03:45] <rect(250, 44, 1060, 956)>
[03:45] <rect(250, 38, 1060, 962)>
[03:45] <rect(250, 33, 1060, 967)>
[03:45] <rect(250, 27, 1060, 973)>
[03:45] <rect(250, 21, 1060, 979)>
[03:45] <rect(250, 15, 1060, 985)>
[03:45] <rect(250, 10, 1060, 990)>
[03:45] <rect(250, 4, 1060, 996)>
[03:46] <rect(249, 0, 1061, 1001)>
[03:46] <rect(243, 0, 1067, 1006)>
[03:46] <rect(237, 0, 1073, 1006)>
[03:46] <rect(232, 0, 1078, 1005)>
[03:46] <rect(226, 0, 1084, 1005)>
[03:46] <rect(220, 0, 1090, 1005)>
[03:46] <rect(215, 0, 1095, 1005)>
[03:46] <rect(209, 0, 1101, 1005)>
[03:46] <rect(204, 0, 1106, 1005)>
[03:46] <rect(198, 0, 1112, 1004)>
[03:46] <rect(193, 0, 1119, 1005)>
[03:46] <rect(187, 0, 1130, 1004)>
[03:46] <rect(182, 0, 1141, 1005)>
[03:46] <rect(176, 0, 1152, 1004)>
[03:46] <rect(171, 0, 1163, 1005)>
[03:46] <rect(165, 0, 1174, 1004)>
[03:46] <rect(160, 0, 1185, 1004)>
[03:47] <rect(154, 0, 1196, 1005)>
[03:47] <rect(149, 0, 1207, 1004)>
[03:47] <rect(143, 0, 1218, 1004)>
[03:47] <rect(138, 0, 1229, 1005)>
[03:47] <rect(132, 0, 1240, 1005)>
[03:47] <rect(127, 0, 1251, 1003)>
[03:47] <rect(122, 0, 1261, 1003)>
[03:47] <rect(116, 0, 1272, 1004)>
[03:47] <rect(111, 0, 1283, 1004)>
[03:47] <rect(106, 0, 1293, 1004)>
[03:47] <rect(100, 0, 1304, 1003)>
[03:47] <rect(95, 0, 1315, 1004)>
[03:47] <rect(90, 0, 1325, 1005)>
[03:47] <rect(84, 0, 1336, 1003)>
[03:47] <rect(79, 0, 1346, 1004)>
[03:47] <rect(73, 0, 1358, 1003)>
[03:47] <rect(67, 0, 1370, 1004)>
[03:48] <rect(62, 0, 1381, 1004)>
[03:48] <rect(57, 0, 1391, 1004)>
[03:48] <rect(51, 0, 1402, 1005)>
[03:48] <rect(46, 0, 1413, 1004)>
[03:48] <rect(41, 0, 1423, 1004)>
[03:48] <rect(36, 0, 1433, 1003)>
[03:48] <rect(30, 0, 1444, 1003)>
[03:48] <rect(25, 0, 1454, 1004)>
[03:48] <rect(20, 0, 1465, 1004)>
[03:48] <rect(15, 0, 1475, 1004)>
[03:48] <rect(9, 0, 1486, 1005)>
[03:48] <rect(4, 0, 1496, 1004)>
[03:48] <rect(0, 0, 1501, 1004)>
[03:48] <rect(0, 0, 1505, 1005)>
[03:48] <rect(0, 0, 1504, 1002)>
[03:48] <rect(0, 0, 1505, 1002)>
[03:48] <rect(0, 0, 1504, 1003)>
[03:49] <rect(0, 0, 1504, 1004)>
[03:49] <rect(0, 0, 1504, 1003)>
[03:49] <rect(0, 0, 1504, 1003)>
[03:49] <rect(0, 0, 1504, 1002)>
[03:49] <rect(0, 0, 1504, 1001)>
[03:49] <rect(0, 3, 1503, 1001)>
[03:49] <rect(0, 7, 1504, 995)>
[03:49] <rect(0, 10, 1502, 993)>
[03:49] <rect(0, 14, 1504, 990)>
[03:49] <rect(0, 17, 1503, 984)>
[03:49] <rect(0, 21, 1502, 981)>
[03:49] <rect(0, 24, 1503, 979)>
[03:49] <rect(0, 28, 1503, 973)>
[03:49] <rect(0, 31, 1503, 972)>
[03:49] <rect(0, 35, 1503, 969)>
[03:49] <rect(0, 38, 1503, 964)>
[03:49] <rect(0, 42, 1503, 961)>
[03:50] <rect(0, 45, 1503, 956)>
[03:50] <rect(0, 49, 1502, 953)>
[03:50] <rect(0, 52, 1503, 950)>
[03:50] <rect(0, 56, 1502, 947)>
[03:50] <rect(0, 59, 1502, 942)>
[03:50] <rect(0, 63, 1502, 939)>
[03:50] <rect(0, 66, 1502, 938)>
[03:50] <rect(0, 70, 1502, 932)>
[03:50] <rect(0, 73, 1502, 930)>
[03:50] <rect(0, 77, 1501, 925)>
[03:50] <rect(0, 80, 1501, 922)>
[03:50] <rect(0, 84, 1502, 916)>
[03:50] <rect(0, 87, 1502, 916)>
[03:50] <rect(0, 91, 1502, 910)>
[03:50] <rect(0, 94, 1502, 908)>
[03:50] <rect(0, 98, 1501, 902)>
[03:50] <rect(0, 102, 1502, 899)>
[03:51] <rect(0, 105, 1501, 897)>
[03:51] <rect(0, 109, 1501, 893)>
[03:51] <rect(0, 112, 1501, 889)>
[03:51] <rect(0, 116, 1501, 886)>
[03:51] <rect(0, 119, 1501, 882)>
[03:51] <rect(0, 123, 1502, 878)>
[03:51] <rect(0, 126, 1501, 876)>
[03:51] <rect(0, 130, 1501, 871)>
[03:51] <rect(0, 133, 1501, 867)>
[03:51] <rect(0, 137, 1501, 866)>
[03:51] <rect(0, 140, 1501, 860)>
[03:51] <rect(0, 144, 1501, 859)>
[03:51] <rect(0, 148, 1501, 854)>
[03:51] <rect(0, 151, 1502, 851)>
[03:51] <rect(0, 155, 1501, 847)>
[03:51] <rect(0, 158, 1501, 842)>
[03:51] <rect(0, 162, 1502, 838)>
[03:52] <rect(0, 165, 1501, 836)>
[03:52] <rect(0, 169, 1501, 831)>
[03:52] <rect(0, 172, 1501, 830)>
[03:52] <rect(0, 176, 1501, 824)>
[03:52] <rect(0, 179, 1501, 823)>
[03:52] <rect(0, 183, 1501, 819)>
[03:52] <rect(0, 186, 1501, 816)>
[03:52] <rect(0, 190, 1501, 811)>
[03:52] <rect(0, 193, 1501, 810)>
[03:52] <rect(0, 197, 1501, 803)>
[03:52] <rect(0, 200, 1501, 800)>
[03:52] <rect(0, 204, 1502, 796)>
[03:52] <rect(0, 208, 1502, 792)>
[03:52] <rect(0, 211, 1501, 789)>
[03:52] <rect(0, 215, 1501, 785)>
[03:52] <rect(0, 218, 1502, 782)>
[03:52] <rect(0, 222, 1502, 778)>
[03:53] <rect(0, 225, 1501, 775)>
[03:53] <rect(0, 229, 1501, 771)>
[03:53] <rect(0, 232, 1502, 768)>
[03:53] <rect(0, 236, 1501, 764)>
[03:53] <rect(0, 239, 1502, 761)>
[03:53] <rect(0, 243, 1501, 757)>
[03:53] <rect(0, 246, 1500, 754)>
[03:53] <rect(0, 250, 1499, 750)>
[03:53] <rect(3, 253, 1493, 747)>
[03:53] <rect(7, 257, 1488, 743)>
[03:53] <rect(10, 260, 1489, 740)>
[03:53] <rect(14, 264, 1486, 736)>
[03:53] <rect(17, 267, 1485, 733)>
[03:53] <rect(21, 271, 1479, 730)>
[03:53] <rect(24, 274, 1477, 726)>
[03:53] <rect(28, 278, 1472, 722)>
[03:53] <rect(31, 282, 1471, 720)>
[03:54] <rect(35, 285, 1465, 715)>
[03:54] <rect(38, 289, 1461, 711)>
[03:54] <rect(42, 292, 1458, 709)>
[03:54] <rect(45, 296, 1456, 704)>
[03:54] <rect(49, 299, 1451, 701)>
[03:54] <rect(52, 303, 1446, 697)>
[03:54] <rect(56, 306, 1439, 694)>
[03:54] <rect(60, 310, 1431, 690)>
[03:54] <rect(63, 313, 1424, 688)>
[03:54] <rect(67, 310, 1423, 690)>
[03:54] <rect(63, 306, 1431, 694)>
[03:54] <rect(59, 302, 1438, 698)>
[03:54] <rect(55, 298, 1445, 702)>
[03:54] <rect(51, 294, 1449, 706)>
[03:54] <rect(47, 290, 1453, 710)>
[03:54] <rect(43, 286, 1457, 714)>
[03:54] <rect(40, 282, 1460, 718)>
[03:55] <rect(36, 278, 1466, 722)>
[03:55] <rect(32, 275, 1468, 725)>
[03:55] <rect(28, 271, 1471, 729)>
[03:55] <rect(24, 267, 1476, 733)>
[03:55] <rect(20, 263, 1480, 737)>
[03:55] <rect(16, 259, 1484, 741)>
[03:55] <rect(13, 255, 1487, 745)>
[03:55] <rect(9, 251, 1491, 749)>
[03:55] <rect(5, 247, 1495, 753)>
[03:55] <rect(2, 244, 1499, 756)>
[03:55] <rect(0, 240, 1500, 760)>
[03:55] <rect(0, 236, 1500, 764)>
[03:55] <rect(0, 232, 1500, 768)>
[03:55] <rect(0, 229, 1500, 771)>
[03:55] <rect(2, 225, 1498, 776)>
[03:55] <rect(2, 221, 1498, 779)>
[03:55] <rect(0, 218, 1502, 782)>
[03:56] <rect(0, 214, 1501, 786)>
[03:56] <rect(0, 210, 1500, 790)>
[03:56] <rect(0, 207, 1501, 793)>
[03:56] <rect(0, 203, 1500, 797)>
[03:56] <rect(0, 199, 1501, 801)>
[03:56] <rect(1, 196, 1500, 804)>
[03:56] <rect(0, 192, 1500, 808)>
[03:56] <rect(0, 188, 1500, 812)>
[03:56] <rect(0, 185, 1501, 815)>
[03:56] <rect(0, 181, 1500, 819)>
[03:56] <rect(3, 178, 1498, 822)>
[03:56] <rect(0, 174, 1501, 826)>
[03:56] <rect(0, 170, 1502, 830)>
[03:56] <rect(0, 167, 1500, 833)>
[03:56] <rect(0, 163, 1500, 837)>
[03:56] <rect(0, 160, 1501, 841)>
[03:56] <rect(0, 156, 1500, 844)>
[03:57] <rect(0, 153, 1500, 847)>
[03:57] <rect(0, 149, 1501, 851)>
[03:57] <rect(0, 146, 1500, 854)>
[03:57] <rect(0, 142, 1502, 858)>
[03:57] <rect(0, 139, 1501, 861)>
[03:57] <rect(0, 135, 1500, 866)>
[03:57] <rect(0, 132, 1501, 869)>
[03:57] <rect(0, 128, 1501, 873)>
[03:57] <rect(0, 124, 1501, 876)>
[03:57] <rect(0, 121, 1501, 879)>
[03:57] <rect(0, 117, 1501, 883)>
[03:57] <rect(0, 114, 1501, 886)>
[03:57] <rect(0, 110, 1500, 890)>
[03:57] <rect(0, 107, 1501, 893)>
[03:57] <rect(0, 103, 1501, 897)>
[03:57] <rect(0, 100, 1502, 900)>
[03:57] <rect(0, 96, 1500, 904)>
[03:58] <rect(0, 93, 1500, 907)>
[03:58] <rect(0, 89, 1501, 911)>
[03:58] <rect(0, 86, 1500, 914)>
[03:58] <rect(0, 82, 1501, 918)>
[03:58] <rect(0, 79, 1501, 921)>
[03:58] <rect(0, 75, 1501, 925)>
[03:58] <rect(0, 71, 1501, 929)>
[03:58] <rect(0, 68, 1500, 932)>
[03:58] <rect(0, 64, 1501, 936)>
[03:58] <rect(0, 61, 1501, 940)>
[03:58] <rect(0, 57, 1501, 943)>
[03:58] <rect(0, 54, 1501, 946)>
[03:58] <rect(0, 50, 1501, 950)>
[03:58] <rect(0, 47, 1502, 953)>
[03:58] <rect(0, 43, 1501, 957)>
[03:58] <rect(0, 40, 1502, 960)>
[03:59] <rect(0, 36, 1502, 964)>
[03:59] <rect(0, 32, 1501, 969)>
[03:59] <rect(0, 29, 1502, 971)>
[03:59] <rect(0, 25, 1501, 975)>
[03:59] <rect(0, 22, 1502, 978)>
[03:59] <rect(0, 18, 1501, 982)>
[03:59] <rect(0, 15, 1502, 985)>
[03:59] <rect(0, 11, 1502, 989)>
[03:59] <rect(0, 8, 1501, 993)>
[03:59] <rect(0, 4, 1501, 996)>
[03:59] <rect(0, 0, 1502, 1001)>
[03:59] <rect(0, 0, 1502, 1001)>
[03:59] <rect(0, 0, 1501, 1002)>
[03:59] <rect(0, 0, 1502, 1000)>
[03:59] <rect(0, 0, 1501, 1000)>
[03:59] <rect(0, 1, 1502, 999)>
[03:59] <rect(0, 0, 1501, 1002)>
[04:00] <rect(0, 0, 1500, 1002)>
[04:00] <rect(0, 0, 1500, 1000)>
[04:00] <rect(0, 0, 1501, 1000)>
[04:00] <rect(0, 0, 1500, 1001)>
[04:00] <rect(0, 0, 1501, 1001)>
[04:00] <rect(0, 0, 1500, 1001)>
[04:00] <rect(0, 0, 1500, 1000)>
[04:00] <rect(0, 0, 1500, 1001)>
[04:00] <rect(0, 0, 1496, 1000)>
[04:00] <rect(0, 0, 1497, 1001)>
[04:00] <rect(0, 0, 1500, 1000)>
[04:00] <rect(0, 0, 1500, 1000)>
[04:00] <rect(0, 0, 1500, 1000)>
[04:00] <rect(0, 0, 1497, 1002)>
[04:00] <rect(0, 0, 1493, 1002)>
[04:00] <rect(0, 0, 1489, 1000)>
[04:00] <rect(0, 0, 1486, 1000)>
[04:01] <rect(0, 0, 1482, 1002)>
[04:01] <rect(0, 0, 1483, 1000)>
[04:01] <rect(0, 0, 1487, 1000)>
[04:01] <rect(0, 0, 1490, 1000)>
[04:01] <rect(0, 0, 1494, 1001)>
[04:01] <rect(0, 0, 1497, 1000)>
[04:01] <rect(0, 0, 1500, 1000)>
[04:01] <rect(0, 0, 1500, 1000)>
[04:01] <rect(0, 0, 1500, 1001)>
[04:01] <rect(0, 0, 1500, 1000)>
[04:01] <rect(0, 0, 1500, 1000)>
[04:01] <rect(0, 0, 1500, 1001)>
[04:01] 331
[04:10] Running at ['c:/workshop/superpong/pongacceleratedgame.py']
[04:10] caption set
[04:10] Running new display with context PongGameContext
[04:10] Setting up context PongGameContext
[04:31] 332
[04:57] Running at ['c:/workshop/superpong/pongacceleratedgame.py']
[04:57] caption set
[04:57] Running new display with context PongGameContext
[04:57] Setting up context PongGameContext
[05:17] 339
[07:54] Running at ['c:/workshop/superpong/pongacceleratedgame.py']
[07:54] caption set
[07:55] Running new display with context PongGameContext
[07:55] Setting up context PongGameContext
[08:15] 342
[08:48] Running at ['c:/workshop/superpong/pongacceleratedgame.py']
[08:48] caption set
[08:49] Running new display with context PongGameContext
[08:49] Setting up context PongGameContext
[09:09] 344
[09:12] Running at ['c:/workshop/superpong/pongacceleratedgame.py']
[09:12] caption set
[09:13] Running new display with context PongGameContext
[09:13] Setting up context PongGameContext
[09:33] 337
[27:21] Running at ['c:/workshop/superpong/pongacceleratedgame.py']
[27:21] caption set
[27:21] Running new display with context PongGameContext
[27:21] Setting up context PongGameContext
[27:38] Running at ['c:/workshop/superpong/pongacceleratedgame.py']
[27:38] caption set
[27:38] Running new display with context PongGameContext
[27:38] Setting up context PongGameContext
[27:58] 329
[28:14] Running at ['c:/workshop/superpong/pongacceleratedgame.py']
[28:14] caption set
[28:15] Running new display with context PongGameContext
[28:15] Setting up context PongGameContext
[28:35] 332
[28:38] Running at ['c:/workshop/superpong/pongacceleratedgame.py']
[28:38] caption set
[28:38] Running new display with context PongGameContext
[28:38] Setting up context PongGameContext
[28:58] 332
[29:01] Running at ['c:/workshop/superpong/pongacceleratedgame.py']
[29:01] caption set
[29:02] Running new display with context PongGameContext
[29:02] Setting up context PongGameContext
[29:22] 331
[34:45] Running at ['c:/workshop/superpong/pongacceleratedgame.py']
[34:46] caption set
[34:46] Running new display with context PongGameContext
[34:46] Setting up context PongGameContext
[36:03] Running at ['c:/workshop/superpong/pongacceleratedgame.py']
[36:03] caption set
[36:03] Running new display with context PongGameContext
[36:03] Setting up context PongGameContext
[36:23] 820
